2020-12-02 23:03:38,226 [INFO] index: 0
video information: Cats and Kittens TikToks | Mr. Demon by Mr. Demon 26 minutes ago 10 minutes, 15 seconds 516 views
2020-12-02 23:03:38,239 [INFO] index: 1
video information: Poor Cat Whose Neck Is Stuck In Plastic Funnel Begs For Life To Doctor | Animal in Crisis EP199 by Kritter Klub 3 minutes ago 9 minutes, 23 seconds 160 views
2020-12-02 23:03:38,256 [INFO] index: 2
video information: Costumes for cats by NTV Houston 54 minutes ago 2 minutes, 21 seconds No views
2020-12-02 23:03:38,274 [INFO] index: 3
video information: Adorable Tiny Cat Teeth That Will Brighten Your Day by Viralist 1 hour ago 8 minutes, 30 seconds 306 views
2020-12-02 23:03:38,291 [INFO] index: 4
video information: My Cat Chooses My Colors Part 4 [CC] | Alex's Innovations by Alex's Innovations 1 hour ago 12 minutes, 5 seconds 250 views
2020-12-02 23:03:38,312 [INFO] index: 5
video information: RAINBOW CARTOON CAT ARMY IN CITY! - Garry's mod Sandbox by TheFrizkyFrog 45 minutes ago 9 minutes, 48 seconds 889 views
2020-12-02 23:03:38,338 [INFO] index: 6
video information: Why Does My CAT SLEEP All the Time? 🐱💤 Is It NORMAL? by AnimalWised 3 minutes ago 3 minutes, 25 seconds 37 views
2020-12-02 23:03:38,354 [INFO] index: 7
video information: How to play PREGNANT SLIME in Minecraft! Real life family CAT! Battle NOOB VS PRO Animation by Sweety Noob 45 minutes ago 10 minutes, 31 seconds 80 views
2020-12-02 23:03:38,373 [INFO] index: 8
video information: Baby Animals 😍😂 Funny and Cute Cats and Dogs Videos Compilation #52 [2020] by CUTE PAW 1 hour ago 11 minutes, 43 seconds No views
2020-12-02 23:03:38,388 [INFO] index: 9
video information: (ASMR Mukbang) Cat eating octopus. by OH Bonbon 45 minutes ago 3 minutes, 41 seconds 37 views
2020-12-02 23:03:38,403 [INFO] index: 10
video information: dog & cat wont stop fighting by Vicious One 42 minutes ago 1 minute, 2 seconds 1 view
2020-12-02 23:03:38,420 [INFO] index: 11
video information: Are Cats Nocturnal? | Two Crazy Cat Ladies by Two Crazy Cat Ladies 23 minutes ago 44 seconds 1 view
2020-12-02 23:03:38,447 [INFO] index: 12
video information: NEW ADOPT ME CHRISTMAS SNOW CAT CONFIRMED 2020! WINTER EVENT+LEAKS+INFO-ROBLOX by Deadkiller180x 7 minutes ago 1 minute 406 views
2020-12-02 23:03:38,461 [INFO] index: 13
video information: (anti)#Vlogmas Day 2 - Nothing too exciting and ALL THE CATS :D by Miss Ann Thrope 3 minutes ago 26 minutes No views
2020-12-02 23:03:38,475 [INFO] index: 14
video information: BBC TWO christmas Cat ident 2020 (2019) by Ident Circle 55 minutes ago 26 seconds 8 views
2020-12-02 23:03:38,504 [INFO] index: 15
video information: SOMEONE SPEAK CAT ? by Kamitsurugi 3 minutes ago 17 seconds No views
2020-12-02 23:03:38,523 [INFO] index: 16
video information: Squirrels 🐿️ For Cats to Watch - Video For Cats 🐱 by Gatify - Videos para Gatos y Gatas 1 hour ago 10 minutes, 30 seconds No views
2020-12-02 23:03:38,538 [INFO] index: 17
video information: Cat HDXL with Duralink Undercarriage by Hastings Deering 59 minutes ago 2 minutes, 20 seconds 2 views
2020-12-02 23:03:38,553 [INFO] index: 18
video information: Cats Video Test iii 🐻 🛁 ☀️ by Catman Sandiego 37 minutes ago 2 minutes, 36 seconds 1 view
2020-12-02 23:03:38,565 [INFO] index: 19
video information: Cat Plays with Mouse!! by Mandy Lou & Me 12 minutes ago 5 minutes, 26 seconds No views
2020-12-05 12:12:04,790 [INFO] index: 0
video information: How to collect jigsaw puzzles - Funny Cities Cats In New York by Hosico Cat 54 minutes ago 1 minute, 55 seconds 2,094 views
2020-12-05 12:12:04,810 [INFO] index: 1
video information: PETS at VET'S - Funniest REACTIONS of DOGS and CATS! by Tiger FunnyWorks 11 minutes ago 10 minutes, 1 second 64 views
2020-12-05 12:12:04,828 [INFO] index: 2
video information: Diana Lost her Cat by L'Univers de Diana 22 minutes ago 2 minutes, 22 seconds 189 views
2020-12-05 12:12:04,849 [INFO] index: 3
video information: The Cat, Literally Flies Thru Obstacles! by Ninifam 니니고양이 11 minutes ago 3 minutes, 16 seconds 237 views
2020-12-05 12:12:04,873 [INFO] index: 4
video information: Funny Cats 😹 - Don't try to stop laughing 🤣 - Funniest Cat Ever by Funniest Cat Ever 9 minutes, 54 seconds 44 views
2020-12-05 12:12:04,945 [INFO] index: 5
video information: Stray Cat Brought Her 3 Kittens To My House To Be Rescued, The Kittens Are Scared - Cats Meowing by SnikoPaws Cat Video - Cats Meowing 26 minutes ago 3 minutes, 4 seconds 17 views
2020-12-05 12:12:04,964 [INFO] index: 6
video information: FUNNY CAT COMPILATION #1 | December 2020 | Pets Of The Internet by Pets Of The Internet 11 minutes ago 8 minutes, 7 seconds 22 views
2020-12-05 12:12:04,990 [INFO] index: 7
video information: Cats Rule on Conspiracy Truth Finders by KILL CLIFF Streamed 12 hours ago 37 minutes 42 views
2020-12-05 12:12:05,009 [INFO] index: 8
video information: Sirenhead vs Hulk, Spiderman, Cartoon Cat, Granny - Drawing Cartoon 2 HD by FN Studio 41 minutes ago 2 minutes, 4 seconds 225 views
2020-12-05 12:12:05,029 [INFO] index: 9
video information: Siren Head Gold, Cartoon Cat, Cartoon Dog Play Among Us 2 - Roblox Piggy Animation - GV Studio by GV Studio 11 minutes ago 3 minutes, 20 seconds 1,116 views
2020-12-05 12:12:05,047 [INFO] index: 10
video information: What’s on Bengal Cats|Jerrylee & Elvis by Pretty Shamel 11 minutes ago 9 minutes, 11 seconds 104 views
2020-12-05 12:12:05,062 [INFO] index: 11
video information: Street Feral Cat Is My Friend Now || Starving Feral Cat Behaving Good For Food by pet is life 33 minutes ago 4 minutes, 5 seconds 92 views
2020-12-05 12:12:05,080 [INFO] index: 12
video information: Grape Finder Recuse Cat From Python Snake Attack Crying for Help - Cat Vs Snake Recuse Cat Story by Smile Survival 13 minutes ago 8 minutes, 4 seconds 8 views
2020-12-05 12:12:05,096 [INFO] index: 13
video information: Cute and Funny Cat Videos Compilation by Kapig Home 41 minutes ago 8 minutes, 24 seconds 7 views
2020-12-05 12:12:05,113 [INFO] index: 14
video information: Коты Воители/Warrior cats - Слёзы [Клип] by Молоко_ Jam 36 minutes ago 1 minute, 26 seconds 109 views
2020-12-05 12:12:05,129 [INFO] index: 15
video information: #gatti#calliopefriendss#cats                                                  Gatti vs Santa Claus by Calliope friends 25 minutes ago 6 minutes, 2 seconds 8 views
2020-12-05 12:12:05,146 [INFO] index: 16
video information: YOU CAN'T STOP LAUGHING! 😂🤣. | Funniest cats and dogs compiled 2020 😹🐶 by Funny Cats TV 43 minutes ago 12 minutes, 34 seconds 1 view
2020-12-05 12:12:05,166 [INFO] index: 17
video information: MAKING A MEGA GINGER CAT! by Ashleen Kaur Gaming 36 minutes ago 1 minute, 47 seconds 5 views
2020-12-05 12:12:05,181 [INFO] index: 18
video information: Doja Cat BBMAs Performance Cover - Lady Gagita as Doja Cat by Lady Gagita 27 minutes ago 5 minutes, 17 seconds 72 views
2020-12-05 12:12:05,205 [INFO] index: 19
video information: Best Cat House | Top 10 Cat House For 2021 | Top Rated Cat House by RZ Best Top 10 Products Review 34 minutes ago 2 minutes, 17 seconds No views
