1606337420497	geckodriver	INFO	Listening on 127.0.0.1:49193
1606337421245	mozrunner::runner	INFO	Running command: "/usr/bin/firefox" "--marionette" "-headless" "-foreground" "-no-remote" "-profile" "/tmp/rust_mozprofileO2wIK2"
*** You are running in headless mode.
console.error: SearchCache: "_readCacheFile: Error reading cache file:" (new Error("", "(unknown module)"))
1606337448895	Marionette	INFO	Listening on port 46169
1606337449058	Marionette	WARN	TLS certificate errors will be ignored for this session

###!!! [Parent][RunMessage] Error: Channel closing: too late to send/recv, messages will be lost

1606339628998	geckodriver	INFO	Listening on 127.0.0.1:50453
1606339630012	mozrunner::runner	INFO	Running command: "/usr/bin/firefox" "--marionette" "-headless" "-foreground" "-no-remote" "-profile" "/tmp/rust_mozprofileOkEFzS"
*** You are running in headless mode.
console.error: SearchCache: "_readCacheFile: Error reading cache file:" (new Error("", "(unknown module)"))
1606339633854	Marionette	INFO	Listening on port 43589
1606339633903	Marionette	WARN	TLS certificate errors will be ignored for this session
1606340826607	Marionette	WARN	TimedPromise timed out after 500 ms: stacktrace:
TimedPromise/<@chrome://marionette/content/sync.js:245:13
TimedPromise@chrome://marionette/content/sync.js:230:10
interaction.flushEventLoop@chrome://marionette/content/interaction.js:416:10
webdriverClickElement@chrome://marionette/content/interaction.js:182:31
1606340888210	Marionette	WARN	TimedPromise timed out after 500 ms: stacktrace:
TimedPromise/<@chrome://marionette/content/sync.js:245:13
TimedPromise@chrome://marionette/content/sync.js:230:10
interaction.flushEventLoop@chrome://marionette/content/interaction.js:416:10
webdriverClickElement@chrome://marionette/content/interaction.js:182:31
1606341242206	Marionette	WARN	TimedPromise timed out after 500 ms: stacktrace:
TimedPromise/<@chrome://marionette/content/sync.js:245:13
TimedPromise@chrome://marionette/content/sync.js:230:10
interaction.flushEventLoop@chrome://marionette/content/interaction.js:416:10
webdriverClickElement@chrome://marionette/content/interaction.js:182:31
1606342809206	geckodriver	INFO	Listening on 127.0.0.1:47723
1606342809235	mozrunner::runner	INFO	Running command: "/usr/bin/firefox" "--marionette" "-headless" "-foreground" "-no-remote" "-profile" "/tmp/rust_mozprofileIp9H77"
*** You are running in headless mode.
console.error: SearchCache: "_readCacheFile: Error reading cache file:" (new Error("", "(unknown module)"))
1606342813728	Marionette	INFO	Listening on port 37005
1606342813754	Marionette	WARN	TLS certificate errors will be ignored for this session

###!!! [Parent][RunMessage] Error: Channel closing: too late to send/recv, messages will be lost

1606366398766	geckodriver	INFO	Listening on 127.0.0.1:39325
1606366399753	mozrunner::runner	INFO	Running command: "/usr/bin/firefox" "--marionette" "-foreground" "-no-remote" "-profile" "/tmp/rust_mozprofileq3VEcp"
Error: no DISPLAY environment variable specified
1606366698383	geckodriver	INFO	Listening on 127.0.0.1:42819
1606366698387	mozrunner::runner	INFO	Running command: "/usr/bin/firefox" "--marionette" "-foreground" "-no-remote" "-profile" "/tmp/rust_mozprofilepvhdCK"
Error: no DISPLAY environment variable specified
1606366938137	geckodriver	INFO	Listening on 127.0.0.1:60347
1606366938223	mozrunner::runner	INFO	Running command: "/usr/bin/firefox" "--marionette" "-foreground" "-no-remote" "-profile" "/tmp/rust_mozprofiled07yoN"
Error: no DISPLAY environment variable specified
1606367023096	geckodriver	INFO	Listening on 127.0.0.1:37673
1606367023106	mozrunner::runner	INFO	Running command: "/usr/bin/firefox" "--marionette" "-headless" "-foreground" "-no-remote" "-profile" "/tmp/rust_mozprofile7bQ1MX"
*** You are running in headless mode.
console.error: SearchCache: "_readCacheFile: Error reading cache file:" (new Error("", "(unknown module)"))
console.error: services.settings: 
  main/fxmonitor-breaches Signature failed  TypeError: NetworkError when attempting to fetch resource.
console.error: services.settings: 
  main/message-groups Signature failed  TypeError: NetworkError when attempting to fetch resource.
1606367032318	Marionette	INFO	Listening on port 40107
console.error: services.settings: 
  main/cfr-fxa Signature failed  TypeError: NetworkError when attempting to fetch resource.
1606367032423	Marionette	WARN	TLS certificate errors will be ignored for this session
console.error: services.settings: 
  main/cfr Signature failed  TypeError: NetworkError when attempting to fetch resource.
console.error: services.settings: 
  main/whats-new-panel Signature failed  TypeError: NetworkError when attempting to fetch resource.
console.error: services.settings: 
  main/partitioning-exempt-urls Signature failed  TypeError: NetworkError when attempting to fetch resource.
1606367056969	geckodriver	INFO	Listening on 127.0.0.1:47655
1606367056988	mozrunner::runner	INFO	Running command: "/usr/bin/firefox" "--marionette" "-foreground" "-no-remote" "-profile" "/tmp/rust_mozprofileshAXJ9"
Error: no DISPLAY environment variable specified
console.error: services.settings: 
  security-state/cert-revocations Signature failed  TypeError: NetworkError when attempting to fetch resource.
console.error: services.settings: 
  Message: TypeError: NetworkError when attempting to fetch resource.
console.error: services.settings: 
  main/normandy-recipes-capabilities Signature failed  TypeError: NetworkError when attempting to fetch resource.
console.error: services.settings: 
  Message: TypeError: NetworkError when attempting to fetch resource.
console.error: services.settings: 
  security-state/intermediates Signature failed  TypeError: NetworkError when attempting to fetch resource.
console.error: services.settings: 
  Message: TypeError: NetworkError when attempting to fetch resource.
console.error: services.settings: 
  security-state/onecrl Signature failed  TypeError: NetworkError when attempting to fetch resource.
console.error: services.settings: 
  Message: TypeError: NetworkError when attempting to fetch resource.
console.error: services.settings: 
  blocklists/addons-bloomfilters Signature failed  TypeError: NetworkError when attempting to fetch resource.
console.error: services.settings: 
  Message: TypeError: NetworkError when attempting to fetch resource.
console.error: services.settings: 
  blocklists/gfx Signature failed  TypeError: NetworkError when attempting to fetch resource.
console.error: services.settings: 
  Message: TypeError: NetworkError when attempting to fetch resource.
console.error: services.settings: 
  main/hijack-blocklists Signature failed  TypeError: NetworkError when attempting to fetch resource.
console.error: services.settings: 
  Message: TypeError: NetworkError when attempting to fetch resource.
console.error: services.settings: 
  main/top-sites Signature failed  TypeError: NetworkError when attempting to fetch resource.
console.error: services.settings: 
  Message: TypeError: NetworkError when attempting to fetch resource.
console.error: services.settings: 
  main/search-config Signature failed  TypeError: NetworkError when attempting to fetch resource.
console.error: services.settings: 
  Message: TypeError: NetworkError when attempting to fetch resource.
console.error: services.settings: 
  main/pioneer-study-addons-v1 Signature failed  TypeError: NetworkError when attempting to fetch resource.
console.error: services.settings: 
  Message: TypeError: NetworkError when attempting to fetch resource.
console.error: services.settings: 
  blocklists/plugins Signature failed  TypeError: NetworkError when attempting to fetch resource.
console.error: services.settings: 
  Message: TypeError: NetworkError when attempting to fetch resource.
console.error: services.settings: 
  main/url-classifier-skip-urls Signature failed  TypeError: NetworkError when attempting to fetch resource.
console.error: services.settings: 
  Message: TypeError: NetworkError when attempting to fetch resource.
console.error: services.settings: 
  main/public-suffix-list Signature failed  TypeError: NetworkError when attempting to fetch resource.
console.error: services.settings: 
  Message: TypeError: NetworkError when attempting to fetch resource.
console.error: services.settings: 
  Message: TypeError: NetworkError when attempting to fetch resource.
console.error: services.settings: 
  pinning/pins Signature failed  TypeError: NetworkError when attempting to fetch resource.
console.error: services.settings: 
  Message: TypeError: NetworkError when attempting to fetch resource.
1606368189830	geckodriver	INFO	Listening on 127.0.0.1:44139
1606368189842	mozrunner::runner	INFO	Running command: "/usr/bin/firefox" "--marionette" "-headless" "-foreground" "-no-remote" "-profile" "/tmp/rust_mozprofilepKZY1d"
*** You are running in headless mode.
console.error: SearchCache: "_readCacheFile: Error reading cache file:" (new Error("", "(unknown module)"))
1606368194228	Marionette	INFO	Listening on port 46453
1606368194300	Marionette	WARN	TLS certificate errors will be ignored for this session
1606369475229	geckodriver	INFO	Listening on 127.0.0.1:53959
1606369475255	mozrunner::runner	INFO	Running command: "/usr/bin/firefox" "--marionette" "-headless" "-foreground" "-no-remote" "-profile" "/tmp/rust_mozprofiledB77L3"
*** You are running in headless mode.
console.error: SearchCache: "_readCacheFile: Error reading cache file:" (new Error("", "(unknown module)"))
1606369479313	Marionette	INFO	Listening on port 44753
1606369479364	Marionette	WARN	TLS certificate errors will be ignored for this session
1606371596881	geckodriver	INFO	Listening on 127.0.0.1:34845
1606371597889	mozrunner::runner	INFO	Running command: "/usr/bin/firefox" "--marionette" "-headless" "-foreground" "-no-remote" "-profile" "/tmp/rust_mozprofilewppUym"
*** You are running in headless mode.
console.error: SearchCache: "_readCacheFile: Error reading cache file:" (new Error("", "(unknown module)"))
1606371602062	Marionette	INFO	Listening on port 43833
1606371602104	Marionette	WARN	TLS certificate errors will be ignored for this session
1606371722345	geckodriver	INFO	Listening on 127.0.0.1:43723
1606371722353	mozrunner::runner	INFO	Running command: "/usr/bin/firefox" "--marionette" "-headless" "-foreground" "-no-remote" "-profile" "/tmp/rust_mozprofileerOAkl"
*** You are running in headless mode.
console.error: SearchCache: "_readCacheFile: Error reading cache file:" (new Error("", "(unknown module)"))
1606371725140	Marionette	INFO	Listening on port 41855
1606371725177	Marionette	WARN	TLS certificate errors will be ignored for this session
1606371834204	geckodriver	INFO	Listening on 127.0.0.1:47941
1606371834220	mozrunner::runner	INFO	Running command: "/usr/bin/firefox" "--marionette" "-headless" "-foreground" "-no-remote" "-profile" "/tmp/rust_mozprofileA0RVkr"
*** You are running in headless mode.
console.error: SearchCache: "_readCacheFile: Error reading cache file:" (new Error("", "(unknown module)"))
1606371837557	Marionette	INFO	Listening on port 33451
1606371837583	Marionette	WARN	TLS certificate errors will be ignored for this session
1606372056301	geckodriver	INFO	Listening on 127.0.0.1:42743
1606372056370	mozrunner::runner	INFO	Running command: "/usr/bin/firefox" "--marionette" "-headless" "-foreground" "-no-remote" "-profile" "/tmp/rust_mozprofilewySZYg"
*** You are running in headless mode.
console.error: SearchCache: "_readCacheFile: Error reading cache file:" (new Error("", "(unknown module)"))
1606372059929	Marionette	INFO	Listening on port 38695
1606372060003	Marionette	WARN	TLS certificate errors will be ignored for this session
1606372179922	geckodriver	INFO	Listening on 127.0.0.1:44179
1606372179930	mozrunner::runner	INFO	Running command: "/usr/bin/firefox" "--marionette" "-headless" "-foreground" "-no-remote" "-profile" "/tmp/rust_mozprofileFfkD8Y"
*** You are running in headless mode.
console.error: SearchCache: "_readCacheFile: Error reading cache file:" (new Error("", "(unknown module)"))
1606372221808	Marionette	INFO	Listening on port 45779
1606372221903	Marionette	WARN	TLS certificate errors will be ignored for this session
1606372293800	Marionette	WARN	TimedPromise timed out after 500 ms: stacktrace:
TimedPromise/<@chrome://marionette/content/sync.js:245:13
TimedPromise@chrome://marionette/content/sync.js:230:10
interaction.flushEventLoop@chrome://marionette/content/interaction.js:416:10
webdriverClickElement@chrome://marionette/content/interaction.js:182:31
1606372744617	geckodriver	INFO	Listening on 127.0.0.1:44937
1606372744647	mozrunner::runner	INFO	Running command: "/usr/bin/firefox" "--marionette" "-headless" "-foreground" "-no-remote" "-profile" "/tmp/rust_mozprofilew8iA8i"
*** You are running in headless mode.
console.error: SearchCache: "_readCacheFile: Error reading cache file:" (new Error("", "(unknown module)"))
1606372775230	Marionette	INFO	Listening on port 32779
1606372775282	Marionette	WARN	TLS certificate errors will be ignored for this session
1606373072319	geckodriver	INFO	Listening on 127.0.0.1:60199
1606373073312	mozrunner::runner	INFO	Running command: "/usr/bin/firefox" "--marionette" "-headless" "-foreground" "-no-remote" "-profile" "/tmp/rust_mozprofilejWZeNY"
*** You are running in headless mode.
console.error: SearchCache: "_readCacheFile: Error reading cache file:" (new Error("", "(unknown module)"))
1606373129249	Marionette	INFO	Listening on port 43277
1606373129277	Marionette	WARN	TLS certificate errors will be ignored for this session
1606373253902	geckodriver	INFO	Listening on 127.0.0.1:37051
1606373253909	mozrunner::runner	INFO	Running command: "/usr/bin/firefox" "--marionette" "-headless" "-foreground" "-no-remote" "-profile" "/tmp/rust_mozprofilejeGvnk"
*** You are running in headless mode.
console.error: SearchCache: "_readCacheFile: Error reading cache file:" (new Error("", "(unknown module)"))
1606373291934	Marionette	INFO	Listening on port 36393
1606373291971	Marionette	WARN	TLS certificate errors will be ignored for this session
1606374126686	geckodriver	INFO	Listening on 127.0.0.1:60633
1606374126697	mozrunner::runner	INFO	Running command: "/usr/bin/firefox" "--marionette" "-headless" "-foreground" "-no-remote" "-profile" "/tmp/rust_mozprofilecY9plm"
*** You are running in headless mode.
console.error: SearchCache: "_readCacheFile: Error reading cache file:" (new Error("", "(unknown module)"))
1606374162303	Marionette	INFO	Listening on port 43377
1606374162319	Marionette	WARN	TLS certificate errors will be ignored for this session
1606374303971	geckodriver	INFO	Listening on 127.0.0.1:49459
1606374303977	mozrunner::runner	INFO	Running command: "/usr/bin/firefox" "--marionette" "-headless" "-foreground" "-no-remote" "-profile" "/tmp/rust_mozprofileTucvJ5"
*** You are running in headless mode.
console.error: SearchCache: "_readCacheFile: Error reading cache file:" (new Error("", "(unknown module)"))
1606374332463	Marionette	INFO	Listening on port 38771
1606374332480	Marionette	WARN	TLS certificate errors will be ignored for this session
1606375082554	geckodriver	INFO	Listening on 127.0.0.1:53367
1606375082563	mozrunner::runner	INFO	Running command: "/usr/bin/firefox" "--marionette" "-headless" "-foreground" "-no-remote" "-profile" "/tmp/rust_mozprofileFy8bln"
*** You are running in headless mode.
console.error: SearchCache: "_readCacheFile: Error reading cache file:" (new Error("", "(unknown module)"))
1606375098426	Marionette	INFO	Listening on port 45771
1606375098522	Marionette	WARN	TLS certificate errors will be ignored for this session

###!!! [Parent][RunMessage] Error: Channel closing: too late to send/recv, messages will be lost

1606376091033	geckodriver	INFO	Listening on 127.0.0.1:60997
1606376091057	mozrunner::runner	INFO	Running command: "/usr/bin/firefox" "--marionette" "-headless" "-foreground" "-no-remote" "-profile" "/tmp/rust_mozprofileSKSNIl"
*** You are running in headless mode.
console.error: SearchCache: "_readCacheFile: Error reading cache file:" (new Error("", "(unknown module)"))
1606376102689	Marionette	INFO	Listening on port 35207
1606376102701	Marionette	WARN	TLS certificate errors will be ignored for this session
1606376381636	geckodriver	INFO	Listening on 127.0.0.1:51983
1606376381647	mozrunner::runner	INFO	Running command: "/usr/bin/firefox" "--marionette" "-headless" "-foreground" "-no-remote" "-profile" "/tmp/rust_mozprofileVuuPAT"
*** You are running in headless mode.
console.error: SearchCache: "_readCacheFile: Error reading cache file:" (new Error("", "(unknown module)"))
1606376418494	Marionette	INFO	Listening on port 39513
1606376418596	Marionette	WARN	TLS certificate errors will be ignored for this session
1606376472061	Marionette	WARN	TimedPromise timed out after 500 ms: stacktrace:
TimedPromise/<@chrome://marionette/content/sync.js:245:13
TimedPromise@chrome://marionette/content/sync.js:230:10
interaction.flushEventLoop@chrome://marionette/content/interaction.js:416:10
webdriverClickElement@chrome://marionette/content/interaction.js:182:31
1606377424445	geckodriver	INFO	Listening on 127.0.0.1:35287
1606377424453	mozrunner::runner	INFO	Running command: "/usr/bin/firefox" "--marionette" "-headless" "-foreground" "-no-remote" "-profile" "/tmp/rust_mozprofilerERLG0"
*** You are running in headless mode.
console.error: SearchCache: "_readCacheFile: Error reading cache file:" (new Error("", "(unknown module)"))
1606377460706	Marionette	INFO	Listening on port 46875
1606377460845	Marionette	WARN	TLS certificate errors will be ignored for this session
1606380476233	geckodriver	INFO	Listening on 127.0.0.1:55607
1606380477224	mozrunner::runner	INFO	Running command: "/usr/bin/firefox" "--marionette" "-headless" "-foreground" "-no-remote" "-profile" "/tmp/rust_mozprofilemHtlNg"
*** You are running in headless mode.
console.error: SearchCache: "_readCacheFile: Error reading cache file:" (new Error("", "(unknown module)"))
console.error: Region.jsm: "Error fetching region" (new AbortError("The operation was aborted. ", (void 0), 697))
console.error: Region.jsm: "Failed to fetch region" (new Error("NO_RESULT", "resource://gre/modules/Region.jsm", 351))
1606380510906	Marionette	INFO	Listening on port 44407
1606380510990	Marionette	WARN	TLS certificate errors will be ignored for this session
1606380999164	geckodriver	INFO	Listening on 127.0.0.1:48355
1606380999175	mozrunner::runner	INFO	Running command: "/usr/bin/firefox" "--marionette" "-headless" "-foreground" "-no-remote" "-profile" "/tmp/rust_mozprofilecuVqr1"
*** You are running in headless mode.
console.error: SearchCache: "_readCacheFile: Error reading cache file:" (new Error("", "(unknown module)"))
1606381047455	Marionette	INFO	Listening on port 35075
1606381048319	Marionette	WARN	TLS certificate errors will be ignored for this session
1606381247079	geckodriver	INFO	Listening on 127.0.0.1:44199
1606381247176	mozrunner::runner	INFO	Running command: "/usr/bin/firefox" "--marionette" "-headless" "-foreground" "-no-remote" "-profile" "/tmp/rust_mozprofileeHVWq7"
*** You are running in headless mode.
console.error: SearchCache: "_readCacheFile: Error reading cache file:" (new Error("", "(unknown module)"))
1606381265391	Marionette	INFO	Listening on port 34259
1606381265432	Marionette	WARN	TLS certificate errors will be ignored for this session
1606381436568	Marionette	WARN	TimedPromise timed out after 500 ms: stacktrace:
TimedPromise/<@chrome://marionette/content/sync.js:245:13
TimedPromise@chrome://marionette/content/sync.js:230:10
interaction.flushEventLoop@chrome://marionette/content/interaction.js:416:10
webdriverClickElement@chrome://marionette/content/interaction.js:182:31
1606381830792	geckodriver	INFO	Listening on 127.0.0.1:44417
1606381831809	mozrunner::runner	INFO	Running command: "/usr/bin/firefox" "--marionette" "-headless" "-foreground" "-no-remote" "-profile" "/tmp/rust_mozprofile4TSxsA"
*** You are running in headless mode.
console.error: SearchCache: "_readCacheFile: Error reading cache file:" (new Error("", "(unknown module)"))
1606381842458	Marionette	INFO	Listening on port 33375
1606381842487	Marionette	WARN	TLS certificate errors will be ignored for this session
1606382092751	geckodriver	INFO	Listening on 127.0.0.1:56133
1606382092768	mozrunner::runner	INFO	Running command: "/usr/bin/firefox" "--marionette" "-headless" "-foreground" "-no-remote" "-profile" "/tmp/rust_mozprofileJDIZLH"
*** You are running in headless mode.
console.error: SearchCache: "_readCacheFile: Error reading cache file:" (new Error("", "(unknown module)"))
1606382099597	Marionette	INFO	Listening on port 34815
1606382099643	Marionette	WARN	TLS certificate errors will be ignored for this session
1606382540276	geckodriver	INFO	Listening on 127.0.0.1:39057
1606382540287	mozrunner::runner	INFO	Running command: "/usr/bin/firefox" "--marionette" "-headless" "-foreground" "-no-remote" "-profile" "/tmp/rust_mozprofileW2U7Qy"
*** You are running in headless mode.
console.error: SearchCache: "_readCacheFile: Error reading cache file:" (new Error("", "(unknown module)"))
1606382552789	Marionette	INFO	Listening on port 38075
1606382553048	Marionette	WARN	TLS certificate errors will be ignored for this session
1606382590602	Marionette	WARN	TimedPromise timed out after 500 ms: stacktrace:
TimedPromise/<@chrome://marionette/content/sync.js:245:13
TimedPromise@chrome://marionette/content/sync.js:230:10
interaction.flushEventLoop@chrome://marionette/content/interaction.js:416:10
webdriverClickElement@chrome://marionette/content/interaction.js:182:31
1606382819920	geckodriver	INFO	Listening on 127.0.0.1:54097
1606382820016	mozrunner::runner	INFO	Running command: "/usr/bin/firefox" "--marionette" "-headless" "-foreground" "-no-remote" "-profile" "/tmp/rust_mozprofileCJIuP1"
*** You are running in headless mode.
console.error: SearchCache: "_readCacheFile: Error reading cache file:" (new Error("", "(unknown module)"))
console.error: Region.jsm: "Error fetching region" (new AbortError("The operation was aborted. ", (void 0), 697))
console.error: Region.jsm: "Failed to fetch region" (new Error("NO_RESULT", "resource://gre/modules/Region.jsm", 351))
1606382845962	Marionette	INFO	Listening on port 43113
1606382846038	Marionette	WARN	TLS certificate errors will be ignored for this session
1606382876173	Marionette	INFO	Stopped listening on port 43113
JavaScript error: , line 0: TypeError: NetworkError when attempting to fetch resource.
1606382994789	geckodriver	INFO	Listening on 127.0.0.1:60007
1606382994797	mozrunner::runner	INFO	Running command: "/usr/bin/firefox" "--marionette" "-headless" "-foreground" "-no-remote" "-profile" "/tmp/rust_mozprofilecn7XcF"
*** You are running in headless mode.
console.error: SearchCache: "_readCacheFile: Error reading cache file:" (new Error("", "(unknown module)"))
1606383000218	Marionette	INFO	Listening on port 33643
1606383000244	Marionette	WARN	TLS certificate errors will be ignored for this session
1606383027505	Marionette	INFO	Stopped listening on port 33643
1606383506295	geckodriver	INFO	Listening on 127.0.0.1:57981
1606383506303	mozrunner::runner	INFO	Running command: "/usr/bin/firefox" "--marionette" "-headless" "-foreground" "-no-remote" "-profile" "/tmp/rust_mozprofileuwGXhW"
*** You are running in headless mode.
console.error: SearchCache: "_readCacheFile: Error reading cache file:" (new Error("", "(unknown module)"))
1606383509966	Marionette	INFO	Listening on port 45583
1606383510029	Marionette	WARN	TLS certificate errors will be ignored for this session
JavaScript warning: https://pagead2.googlesyndication.com/bg/TBttBoAOV_9P70wCNe1Yb7YwaEpF9SEuHDe9V7wzOiY.js line 1 > eval line 4570 > eval line 1 > eval, line 1: WebGL warning: <Create>: getContext: Disallowing antialiased backbuffers due to blacklisting. (FEATURE_FAILURE_GLXTEST_FAILED)
JavaScript warning: https://pagead2.googlesyndication.com/bg/TBttBoAOV_9P70wCNe1Yb7YwaEpF9SEuHDe9V7wzOiY.js line 1 > eval line 4570 > eval line 1 > eval, line 1: WebGL warning: <Create>: Can't use WebGL in headless mode (https://bugzil.la/1375585).
JavaScript warning: https://pagead2.googlesyndication.com/bg/TBttBoAOV_9P70wCNe1Yb7YwaEpF9SEuHDe9V7wzOiY.js line 1 > eval line 4570 > eval line 1 > eval, line 1: Failed to create WebGL context: WebGL creation failed: 
* Can't use WebGL in headless mode (https://bugzil.la/1375585).
JavaScript warning: https://pagead2.googlesyndication.com/bg/7ACX1ll8pxmp-W5IFnwplmFbwq_vDvpxp5bFF4q7ftk.js line 1 > eval line 2956 > eval, line 1: WebGL warning: <Create>: getContext: Disallowing antialiased backbuffers due to blacklisting. (FEATURE_FAILURE_GLXTEST_FAILED)
JavaScript warning: https://pagead2.googlesyndication.com/bg/7ACX1ll8pxmp-W5IFnwplmFbwq_vDvpxp5bFF4q7ftk.js line 1 > eval line 2956 > eval, line 1: WebGL warning: <Create>: Can't use WebGL in headless mode (https://bugzil.la/1375585).
JavaScript warning: https://pagead2.googlesyndication.com/bg/7ACX1ll8pxmp-W5IFnwplmFbwq_vDvpxp5bFF4q7ftk.js line 1 > eval line 2956 > eval, line 1: Failed to create WebGL context: WebGL creation failed: 
* Can't use WebGL in headless mode (https://bugzil.la/1375585).
JavaScript warning: https://pagead2.googlesyndication.com/bg/TBttBoAOV_9P70wCNe1Yb7YwaEpF9SEuHDe9V7wzOiY.js line 1 > eval line 3746 > eval, line 1: WebGL warning: <Create>: getContext: Disallowing antialiased backbuffers due to blacklisting. (FEATURE_FAILURE_GLXTEST_FAILED)
JavaScript warning: https://pagead2.googlesyndication.com/bg/TBttBoAOV_9P70wCNe1Yb7YwaEpF9SEuHDe9V7wzOiY.js line 1 > eval line 3746 > eval, line 1: WebGL warning: <Create>: Can't use WebGL in headless mode (https://bugzil.la/1375585).
JavaScript warning: https://pagead2.googlesyndication.com/bg/TBttBoAOV_9P70wCNe1Yb7YwaEpF9SEuHDe9V7wzOiY.js line 1 > eval line 3746 > eval, line 1: Failed to create WebGL context: WebGL creation failed: 
* Can't use WebGL in headless mode (https://bugzil.la/1375585).
JavaScript warning: https://pagead2.googlesyndication.com/bg/7ACX1ll8pxmp-W5IFnwplmFbwq_vDvpxp5bFF4q7ftk.js line 1 > eval line 1253 > eval, line 1: WebGL warning: <Create>: getContext: Disallowing antialiased backbuffers due to blacklisting. (FEATURE_FAILURE_GLXTEST_FAILED)
JavaScript warning: https://pagead2.googlesyndication.com/bg/7ACX1ll8pxmp-W5IFnwplmFbwq_vDvpxp5bFF4q7ftk.js line 1 > eval line 1253 > eval, line 1: WebGL warning: <Create>: Can't use WebGL in headless mode (https://bugzil.la/1375585).
JavaScript warning: https://pagead2.googlesyndication.com/bg/7ACX1ll8pxmp-W5IFnwplmFbwq_vDvpxp5bFF4q7ftk.js line 1 > eval line 1253 > eval, line 1: Failed to create WebGL context: WebGL creation failed: 
* Can't use WebGL in headless mode (https://bugzil.la/1375585).
JavaScript warning: https://pagead2.googlesyndication.com/bg/7ACX1ll8pxmp-W5IFnwplmFbwq_vDvpxp5bFF4q7ftk.js line 1 > eval line 3775 > eval, line 1: WebGL warning: <Create>: getContext: Disallowing antialiased backbuffers due to blacklisting. (FEATURE_FAILURE_GLXTEST_FAILED)
JavaScript warning: https://pagead2.googlesyndication.com/bg/7ACX1ll8pxmp-W5IFnwplmFbwq_vDvpxp5bFF4q7ftk.js line 1 > eval line 3775 > eval, line 1: WebGL warning: <Create>: Can't use WebGL in headless mode (https://bugzil.la/1375585).
JavaScript warning: https://pagead2.googlesyndication.com/bg/7ACX1ll8pxmp-W5IFnwplmFbwq_vDvpxp5bFF4q7ftk.js line 1 > eval line 3775 > eval, line 1: Failed to create WebGL context: WebGL creation failed: 
* Can't use WebGL in headless mode (https://bugzil.la/1375585).
1606384736912	geckodriver	INFO	Listening on 127.0.0.1:52967
1606384736924	mozrunner::runner	INFO	Running command: "/usr/bin/firefox" "--marionette" "-headless" "-foreground" "-no-remote" "-profile" "/tmp/rust_mozprofilecVsyEI"
*** You are running in headless mode.
console.error: SearchCache: "_readCacheFile: Error reading cache file:" (new Error("", "(unknown module)"))
1606384765179	Marionette	INFO	Listening on port 42755
1606384765491	Marionette	WARN	TLS certificate errors will be ignored for this session
JavaScript warning: https://pagead2.googlesyndication.com/bg/7ACX1ll8pxmp-W5IFnwplmFbwq_vDvpxp5bFF4q7ftk.js line 1 > eval line 1907 > eval, line 1: WebGL warning: <Create>: getContext: Disallowing antialiased backbuffers due to blacklisting. (FEATURE_FAILURE_GLXTEST_FAILED)
JavaScript warning: https://pagead2.googlesyndication.com/bg/7ACX1ll8pxmp-W5IFnwplmFbwq_vDvpxp5bFF4q7ftk.js line 1 > eval line 1907 > eval, line 1: WebGL warning: <Create>: Can't use WebGL in headless mode (https://bugzil.la/1375585).
JavaScript warning: https://pagead2.googlesyndication.com/bg/7ACX1ll8pxmp-W5IFnwplmFbwq_vDvpxp5bFF4q7ftk.js line 1 > eval line 1907 > eval, line 1: Failed to create WebGL context: WebGL creation failed: 
* Can't use WebGL in headless mode (https://bugzil.la/1375585).
1606384822468	Marionette	INFO	Stopped listening on port 42755
JavaScript warning: https://pagead2.googlesyndication.com/bg/7ACX1ll8pxmp-W5IFnwplmFbwq_vDvpxp5bFF4q7ftk.js line 1 > eval line 1681 > eval line 1 > eval, line 1: WebGL warning: <Create>: getContext: Disallowing antialiased backbuffers due to blacklisting. (FEATURE_FAILURE_GLXTEST_FAILED)
JavaScript warning: https://pagead2.googlesyndication.com/bg/7ACX1ll8pxmp-W5IFnwplmFbwq_vDvpxp5bFF4q7ftk.js line 1 > eval line 1681 > eval line 1 > eval, line 1: WebGL warning: <Create>: Can't use WebGL in headless mode (https://bugzil.la/1375585).
JavaScript warning: https://pagead2.googlesyndication.com/bg/7ACX1ll8pxmp-W5IFnwplmFbwq_vDvpxp5bFF4q7ftk.js line 1 > eval line 1681 > eval line 1 > eval, line 1: Failed to create WebGL context: WebGL creation failed: 
* Can't use WebGL in headless mode (https://bugzil.la/1375585).
1606385209040	geckodriver	INFO	Listening on 127.0.0.1:43969
1606385210060	mozrunner::runner	INFO	Running command: "/usr/bin/firefox" "--marionette" "-headless" "-foreground" "-no-remote" "-profile" "/tmp/rust_mozprofileLBY37G"
*** You are running in headless mode.
console.error: SearchCache: "_readCacheFile: Error reading cache file:" (new Error("", "(unknown module)"))
1606385213902	Marionette	INFO	Listening on port 36411
1606385213983	Marionette	WARN	TLS certificate errors will be ignored for this session
JavaScript warning: https://pagead2.googlesyndication.com/bg/TBttBoAOV_9P70wCNe1Yb7YwaEpF9SEuHDe9V7wzOiY.js line 1 > eval line 317 > eval, line 1: WebGL warning: <Create>: getContext: Disallowing antialiased backbuffers due to blacklisting. (FEATURE_FAILURE_GLXTEST_FAILED)
JavaScript warning: https://pagead2.googlesyndication.com/bg/TBttBoAOV_9P70wCNe1Yb7YwaEpF9SEuHDe9V7wzOiY.js line 1 > eval line 317 > eval, line 1: WebGL warning: <Create>: Can't use WebGL in headless mode (https://bugzil.la/1375585).
JavaScript warning: https://pagead2.googlesyndication.com/bg/TBttBoAOV_9P70wCNe1Yb7YwaEpF9SEuHDe9V7wzOiY.js line 1 > eval line 317 > eval, line 1: Failed to create WebGL context: WebGL creation failed: 
* Can't use WebGL in headless mode (https://bugzil.la/1375585).
JavaScript warning: https://pagead2.googlesyndication.com/bg/7ACX1ll8pxmp-W5IFnwplmFbwq_vDvpxp5bFF4q7ftk.js line 1 > eval line 7376 > eval line 1 > eval, line 1: WebGL warning: <Create>: getContext: Disallowing antialiased backbuffers due to blacklisting. (FEATURE_FAILURE_GLXTEST_FAILED)
JavaScript warning: https://pagead2.googlesyndication.com/bg/7ACX1ll8pxmp-W5IFnwplmFbwq_vDvpxp5bFF4q7ftk.js line 1 > eval line 7376 > eval line 1 > eval, line 1: WebGL warning: <Create>: Can't use WebGL in headless mode (https://bugzil.la/1375585).
JavaScript warning: https://pagead2.googlesyndication.com/bg/7ACX1ll8pxmp-W5IFnwplmFbwq_vDvpxp5bFF4q7ftk.js line 1 > eval line 7376 > eval line 1 > eval, line 1: Failed to create WebGL context: WebGL creation failed: 
* Can't use WebGL in headless mode (https://bugzil.la/1375585).
1606385261825	Marionette	INFO	Stopped listening on port 36411

###!!! [Parent][RunMessage] Error: Channel closing: too late to send/recv, messages will be lost

1606936186962	geckodriver	INFO	Listening on 127.0.0.1:42561
1606936187083	mozrunner::runner	INFO	Running command: "/usr/bin/firefox" "--marionette" "-headless" "-foreground" "-no-remote" "-profile" "/tmp/rust_mozprofileQ6oW8F"
*** You are running in headless mode.
console.error: SearchCache: "_readCacheFile: Error reading cache file:" (new Error("", "(unknown module)"))
1606936201565	Marionette	INFO	Listening on port 44453
1606936201610	Marionette	WARN	TLS certificate errors will be ignored for this session
JavaScript warning: https://pagead2.googlesyndication.com/bg/7ACX1ll8pxmp-W5IFnwplmFbwq_vDvpxp5bFF4q7ftk.js line 1 > eval line 5085 > eval line 1 > eval, line 1: WebGL warning: <Create>: getContext: Disallowing antialiased backbuffers due to blacklisting. (FEATURE_FAILURE_GLXTEST_FAILED)
JavaScript warning: https://pagead2.googlesyndication.com/bg/7ACX1ll8pxmp-W5IFnwplmFbwq_vDvpxp5bFF4q7ftk.js line 1 > eval line 5085 > eval line 1 > eval, line 1: WebGL warning: <Create>: Can't use WebGL in headless mode (https://bugzil.la/1375585).
JavaScript warning: https://pagead2.googlesyndication.com/bg/7ACX1ll8pxmp-W5IFnwplmFbwq_vDvpxp5bFF4q7ftk.js line 1 > eval line 5085 > eval line 1 > eval, line 1: Failed to create WebGL context: WebGL creation failed: 
* Can't use WebGL in headless mode (https://bugzil.la/1375585).
1606938845653	geckodriver	INFO	Listening on 127.0.0.1:52179
1606938845674	mozrunner::runner	INFO	Running command: "/usr/bin/firefox" "--marionette" "-headless" "-foreground" "-no-remote" "-profile" "/tmp/rust_mozprofilelx0q2W"
*** You are running in headless mode.
console.error: SearchCache: "_readCacheFile: Error reading cache file:" (new Error("", "(unknown module)"))
1606938849744	Marionette	INFO	Listening on port 42029
1606938849785	Marionette	WARN	TLS certificate errors will be ignored for this session
1606938849848	Marionette	INFO	Stopped listening on port 42029
1606939228822	geckodriver	INFO	Listening on 127.0.0.1:38229
1606939228851	mozrunner::runner	INFO	Running command: "/usr/bin/firefox" "--marionette" "-headless" "-foreground" "-no-remote" "-profile" "/tmp/rust_mozprofileJ5pVr1"
*** You are running in headless mode.
console.error: SearchCache: "_readCacheFile: Error reading cache file:" (new Error("", "(unknown module)"))
1606939232160	Marionette	INFO	Listening on port 43785
1606939232234	Marionette	WARN	TLS certificate errors will be ignored for this session
1606939241852	Marionette	INFO	Stopped listening on port 43785
1606939463739	geckodriver	INFO	Listening on 127.0.0.1:32977
1606939463748	mozrunner::runner	INFO	Running command: "/usr/bin/firefox" "--marionette" "-headless" "-foreground" "-no-remote" "-profile" "/tmp/rust_mozprofileUP5M6E"
*** You are running in headless mode.
console.error: SearchCache: "_readCacheFile: Error reading cache file:" (new Error("", "(unknown module)"))
1606939467194	Marionette	INFO	Listening on port 38461
1606939467215	Marionette	WARN	TLS certificate errors will be ignored for this session
JavaScript warning: https://pagead2.googlesyndication.com/bg/7ACX1ll8pxmp-W5IFnwplmFbwq_vDvpxp5bFF4q7ftk.js line 1 > eval line 6834 > eval, line 1: WebGL warning: <Create>: getContext: Disallowing antialiased backbuffers due to blacklisting. (FEATURE_FAILURE_GLXTEST_FAILED)
JavaScript warning: https://pagead2.googlesyndication.com/bg/7ACX1ll8pxmp-W5IFnwplmFbwq_vDvpxp5bFF4q7ftk.js line 1 > eval line 6834 > eval, line 1: WebGL warning: <Create>: Can't use WebGL in headless mode (https://bugzil.la/1375585).
JavaScript warning: https://pagead2.googlesyndication.com/bg/7ACX1ll8pxmp-W5IFnwplmFbwq_vDvpxp5bFF4q7ftk.js line 1 > eval line 6834 > eval, line 1: Failed to create WebGL context: WebGL creation failed: 
* Can't use WebGL in headless mode (https://bugzil.la/1375585).
JavaScript warning: https://pagead2.googlesyndication.com/bg/7ACX1ll8pxmp-W5IFnwplmFbwq_vDvpxp5bFF4q7ftk.js line 1 > eval line 1818 > eval line 1 > eval, line 1: WebGL warning: <Create>: getContext: Disallowing antialiased backbuffers due to blacklisting. (FEATURE_FAILURE_GLXTEST_FAILED)
JavaScript warning: https://pagead2.googlesyndication.com/bg/7ACX1ll8pxmp-W5IFnwplmFbwq_vDvpxp5bFF4q7ftk.js line 1 > eval line 1818 > eval line 1 > eval, line 1: WebGL warning: <Create>: Can't use WebGL in headless mode (https://bugzil.la/1375585).
JavaScript warning: https://pagead2.googlesyndication.com/bg/7ACX1ll8pxmp-W5IFnwplmFbwq_vDvpxp5bFF4q7ftk.js line 1 > eval line 1818 > eval line 1 > eval, line 1: Failed to create WebGL context: WebGL creation failed: 
* Can't use WebGL in headless mode (https://bugzil.la/1375585).
JavaScript warning: https://pagead2.googlesyndication.com/bg/TBttBoAOV_9P70wCNe1Yb7YwaEpF9SEuHDe9V7wzOiY.js line 1 > eval line 6107 > eval, line 1: WebGL warning: <Create>: getContext: Disallowing antialiased backbuffers due to blacklisting. (FEATURE_FAILURE_GLXTEST_FAILED)
JavaScript warning: https://pagead2.googlesyndication.com/bg/TBttBoAOV_9P70wCNe1Yb7YwaEpF9SEuHDe9V7wzOiY.js line 1 > eval line 6107 > eval, line 1: WebGL warning: <Create>: Can't use WebGL in headless mode (https://bugzil.la/1375585).
JavaScript warning: https://pagead2.googlesyndication.com/bg/TBttBoAOV_9P70wCNe1Yb7YwaEpF9SEuHDe9V7wzOiY.js line 1 > eval line 6107 > eval, line 1: Failed to create WebGL context: WebGL creation failed: 
* Can't use WebGL in headless mode (https://bugzil.la/1375585).
1606939500334	Marionette	INFO	Stopped listening on port 38461

###!!! [Parent][RunMessage] Error: Channel closing: too late to send/recv, messages will be lost

1606939898729	geckodriver	INFO	Listening on 127.0.0.1:34439
1606939898735	mozrunner::runner	INFO	Running command: "/usr/bin/firefox" "--marionette" "-headless" "-foreground" "-no-remote" "-profile" "/tmp/rust_mozprofile2lHWDB"
*** You are running in headless mode.
console.error: SearchCache: "_readCacheFile: Error reading cache file:" (new Error("", "(unknown module)"))
1606939902361	Marionette	INFO	Listening on port 38457
1606939902378	Marionette	WARN	TLS certificate errors will be ignored for this session
JavaScript warning: https://pagead2.googlesyndication.com/bg/7ACX1ll8pxmp-W5IFnwplmFbwq_vDvpxp5bFF4q7ftk.js line 1 > eval line 753 > eval, line 1: WebGL warning: <Create>: getContext: Disallowing antialiased backbuffers due to blacklisting. (FEATURE_FAILURE_GLXTEST_FAILED)
JavaScript warning: https://pagead2.googlesyndication.com/bg/7ACX1ll8pxmp-W5IFnwplmFbwq_vDvpxp5bFF4q7ftk.js line 1 > eval line 753 > eval, line 1: WebGL warning: <Create>: Can't use WebGL in headless mode (https://bugzil.la/1375585).
JavaScript warning: https://pagead2.googlesyndication.com/bg/7ACX1ll8pxmp-W5IFnwplmFbwq_vDvpxp5bFF4q7ftk.js line 1 > eval line 753 > eval, line 1: Failed to create WebGL context: WebGL creation failed: 
* Can't use WebGL in headless mode (https://bugzil.la/1375585).
JavaScript warning: https://pagead2.googlesyndication.com/bg/7ACX1ll8pxmp-W5IFnwplmFbwq_vDvpxp5bFF4q7ftk.js line 1 > eval line 5970 > eval, line 1: WebGL warning: <Create>: getContext: Disallowing antialiased backbuffers due to blacklisting. (FEATURE_FAILURE_GLXTEST_FAILED)
JavaScript warning: https://pagead2.googlesyndication.com/bg/7ACX1ll8pxmp-W5IFnwplmFbwq_vDvpxp5bFF4q7ftk.js line 1 > eval line 5970 > eval, line 1: WebGL warning: <Create>: Can't use WebGL in headless mode (https://bugzil.la/1375585).
JavaScript warning: https://pagead2.googlesyndication.com/bg/7ACX1ll8pxmp-W5IFnwplmFbwq_vDvpxp5bFF4q7ftk.js line 1 > eval line 5970 > eval, line 1: Failed to create WebGL context: WebGL creation failed: 
* Can't use WebGL in headless mode (https://bugzil.la/1375585).
JavaScript warning: https://pagead2.googlesyndication.com/bg/TBttBoAOV_9P70wCNe1Yb7YwaEpF9SEuHDe9V7wzOiY.js line 1 > eval line 4384 > eval, line 1: WebGL warning: <Create>: getContext: Disallowing antialiased backbuffers due to blacklisting. (FEATURE_FAILURE_GLXTEST_FAILED)
JavaScript warning: https://pagead2.googlesyndication.com/bg/TBttBoAOV_9P70wCNe1Yb7YwaEpF9SEuHDe9V7wzOiY.js line 1 > eval line 4384 > eval, line 1: WebGL warning: <Create>: Can't use WebGL in headless mode (https://bugzil.la/1375585).
JavaScript warning: https://pagead2.googlesyndication.com/bg/TBttBoAOV_9P70wCNe1Yb7YwaEpF9SEuHDe9V7wzOiY.js line 1 > eval line 4384 > eval, line 1: Failed to create WebGL context: WebGL creation failed: 
* Can't use WebGL in headless mode (https://bugzil.la/1375585).
1606939932742	Marionette	INFO	Stopped listening on port 38457

###!!! [Parent][RunMessage] Error: Channel closing: too late to send/recv, messages will be lost

1606940061192	geckodriver	INFO	Listening on 127.0.0.1:44815
1606940061209	mozrunner::runner	INFO	Running command: "/usr/bin/firefox" "--marionette" "-headless" "-foreground" "-no-remote" "-profile" "/tmp/rust_mozprofile5qgoz7"
*** You are running in headless mode.
console.error: SearchCache: "_readCacheFile: Error reading cache file:" (new Error("", "(unknown module)"))
1606940064695	Marionette	INFO	Listening on port 34251
1606940064747	Marionette	WARN	TLS certificate errors will be ignored for this session
JavaScript warning: https://pagead2.googlesyndication.com/bg/TBttBoAOV_9P70wCNe1Yb7YwaEpF9SEuHDe9V7wzOiY.js line 1 > eval line 345 > eval, line 1: WebGL warning: <Create>: getContext: Disallowing antialiased backbuffers due to blacklisting. (FEATURE_FAILURE_GLXTEST_FAILED)
JavaScript warning: https://pagead2.googlesyndication.com/bg/TBttBoAOV_9P70wCNe1Yb7YwaEpF9SEuHDe9V7wzOiY.js line 1 > eval line 345 > eval, line 1: WebGL warning: <Create>: Can't use WebGL in headless mode (https://bugzil.la/1375585).
JavaScript warning: https://pagead2.googlesyndication.com/bg/TBttBoAOV_9P70wCNe1Yb7YwaEpF9SEuHDe9V7wzOiY.js line 1 > eval line 345 > eval, line 1: Failed to create WebGL context: WebGL creation failed: 
* Can't use WebGL in headless mode (https://bugzil.la/1375585).
JavaScript warning: https://pagead2.googlesyndication.com/bg/7ACX1ll8pxmp-W5IFnwplmFbwq_vDvpxp5bFF4q7ftk.js line 1 > eval line 2557 > eval, line 1: WebGL warning: <Create>: getContext: Disallowing antialiased backbuffers due to blacklisting. (FEATURE_FAILURE_GLXTEST_FAILED)
JavaScript warning: https://pagead2.googlesyndication.com/bg/7ACX1ll8pxmp-W5IFnwplmFbwq_vDvpxp5bFF4q7ftk.js line 1 > eval line 2557 > eval, line 1: WebGL warning: <Create>: Can't use WebGL in headless mode (https://bugzil.la/1375585).
JavaScript warning: https://pagead2.googlesyndication.com/bg/7ACX1ll8pxmp-W5IFnwplmFbwq_vDvpxp5bFF4q7ftk.js line 1 > eval line 2557 > eval, line 1: Failed to create WebGL context: WebGL creation failed: 
* Can't use WebGL in headless mode (https://bugzil.la/1375585).
JavaScript warning: https://pagead2.googlesyndication.com/bg/7ACX1ll8pxmp-W5IFnwplmFbwq_vDvpxp5bFF4q7ftk.js line 1 > eval line 4268 > eval line 1 > eval, line 1: WebGL warning: <Create>: getContext: Disallowing antialiased backbuffers due to blacklisting. (FEATURE_FAILURE_GLXTEST_FAILED)
JavaScript warning: https://pagead2.googlesyndication.com/bg/7ACX1ll8pxmp-W5IFnwplmFbwq_vDvpxp5bFF4q7ftk.js line 1 > eval line 4268 > eval line 1 > eval, line 1: WebGL warning: <Create>: Can't use WebGL in headless mode (https://bugzil.la/1375585).
JavaScript warning: https://pagead2.googlesyndication.com/bg/7ACX1ll8pxmp-W5IFnwplmFbwq_vDvpxp5bFF4q7ftk.js line 1 > eval line 4268 > eval line 1 > eval, line 1: Failed to create WebGL context: WebGL creation failed: 
* Can't use WebGL in headless mode (https://bugzil.la/1375585).
1606940094493	Marionette	INFO	Stopped listening on port 34251
Exiting due to channel error.
Exiting due to channel error.
Exiting due to channel error.
1606942663667	geckodriver	INFO	Listening on 127.0.0.1:51905
1606942663678	mozrunner::runner	INFO	Running command: "/usr/bin/firefox" "--marionette" "-headless" "-foreground" "-no-remote" "-profile" "/tmp/rust_mozprofilew0ktdu"
*** You are running in headless mode.
console.error: SearchCache: "_readCacheFile: Error reading cache file:" (new Error("", "(unknown module)"))
1606942667347	Marionette	INFO	Listening on port 41439
1606942667394	Marionette	WARN	TLS certificate errors will be ignored for this session
1606945026195	geckodriver	INFO	Listening on 127.0.0.1:37071
1606945026203	mozrunner::runner	INFO	Running command: "/usr/bin/firefox" "--marionette" "-headless" "-foreground" "-no-remote" "-profile" "/tmp/rust_mozprofileKsElCB"
*** You are running in headless mode.
console.error: SearchCache: "_readCacheFile: Error reading cache file:" (new Error("", "(unknown module)"))
1606945033601	Marionette	INFO	Listening on port 37497
1606945033655	Marionette	WARN	TLS certificate errors will be ignored for this session
JavaScript warning: https://pagead2.googlesyndication.com/bg/TBttBoAOV_9P70wCNe1Yb7YwaEpF9SEuHDe9V7wzOiY.js line 1 > eval line 634 > eval line 1 > eval, line 1: WebGL warning: <Create>: getContext: Disallowing antialiased backbuffers due to blacklisting. (FEATURE_FAILURE_GLXTEST_FAILED)
JavaScript warning: https://pagead2.googlesyndication.com/bg/TBttBoAOV_9P70wCNe1Yb7YwaEpF9SEuHDe9V7wzOiY.js line 1 > eval line 634 > eval line 1 > eval, line 1: WebGL warning: <Create>: Can't use WebGL in headless mode (https://bugzil.la/1375585).
JavaScript warning: https://pagead2.googlesyndication.com/bg/TBttBoAOV_9P70wCNe1Yb7YwaEpF9SEuHDe9V7wzOiY.js line 1 > eval line 634 > eval line 1 > eval, line 1: Failed to create WebGL context: WebGL creation failed: 
* Can't use WebGL in headless mode (https://bugzil.la/1375585).
JavaScript warning: https://pagead2.googlesyndication.com/bg/7ACX1ll8pxmp-W5IFnwplmFbwq_vDvpxp5bFF4q7ftk.js line 1 > eval line 5880 > eval line 1 > eval, line 1: WebGL warning: <Create>: getContext: Disallowing antialiased backbuffers due to blacklisting. (FEATURE_FAILURE_GLXTEST_FAILED)
JavaScript warning: https://pagead2.googlesyndication.com/bg/7ACX1ll8pxmp-W5IFnwplmFbwq_vDvpxp5bFF4q7ftk.js line 1 > eval line 5880 > eval line 1 > eval, line 1: WebGL warning: <Create>: Can't use WebGL in headless mode (https://bugzil.la/1375585).
JavaScript warning: https://pagead2.googlesyndication.com/bg/7ACX1ll8pxmp-W5IFnwplmFbwq_vDvpxp5bFF4q7ftk.js line 1 > eval line 5880 > eval line 1 > eval, line 1: Failed to create WebGL context: WebGL creation failed: 
* Can't use WebGL in headless mode (https://bugzil.la/1375585).
JavaScript warning: https://pagead2.googlesyndication.com/bg/TBttBoAOV_9P70wCNe1Yb7YwaEpF9SEuHDe9V7wzOiY.js line 1 > eval line 6246 > eval, line 1: WebGL warning: <Create>: getContext: Disallowing antialiased backbuffers due to blacklisting. (FEATURE_FAILURE_GLXTEST_FAILED)
JavaScript warning: https://pagead2.googlesyndication.com/bg/TBttBoAOV_9P70wCNe1Yb7YwaEpF9SEuHDe9V7wzOiY.js line 1 > eval line 6246 > eval, line 1: WebGL warning: <Create>: Can't use WebGL in headless mode (https://bugzil.la/1375585).
JavaScript warning: https://pagead2.googlesyndication.com/bg/TBttBoAOV_9P70wCNe1Yb7YwaEpF9SEuHDe9V7wzOiY.js line 1 > eval line 6246 > eval, line 1: Failed to create WebGL context: WebGL creation failed: 
* Can't use WebGL in headless mode (https://bugzil.la/1375585).
1606945070888	Marionette	INFO	Stopped listening on port 37497
1606945131769	geckodriver	INFO	Listening on 127.0.0.1:48259
1606945131777	mozrunner::runner	INFO	Running command: "/usr/bin/firefox" "--marionette" "-headless" "-foreground" "-no-remote" "-profile" "/tmp/rust_mozprofileLWJpCK"
*** You are running in headless mode.
console.error: SearchCache: "_readCacheFile: Error reading cache file:" (new Error("", "(unknown module)"))
1606945134946	Marionette	INFO	Listening on port 43895
1606945135036	Marionette	WARN	TLS certificate errors will be ignored for this session
JavaScript warning: https://pagead2.googlesyndication.com/bg/7ACX1ll8pxmp-W5IFnwplmFbwq_vDvpxp5bFF4q7ftk.js line 1 > eval line 5172 > eval, line 1: WebGL warning: <Create>: getContext: Disallowing antialiased backbuffers due to blacklisting. (FEATURE_FAILURE_GLXTEST_FAILED)
JavaScript warning: https://pagead2.googlesyndication.com/bg/7ACX1ll8pxmp-W5IFnwplmFbwq_vDvpxp5bFF4q7ftk.js line 1 > eval line 5172 > eval, line 1: WebGL warning: <Create>: Can't use WebGL in headless mode (https://bugzil.la/1375585).
JavaScript warning: https://pagead2.googlesyndication.com/bg/7ACX1ll8pxmp-W5IFnwplmFbwq_vDvpxp5bFF4q7ftk.js line 1 > eval line 5172 > eval, line 1: Failed to create WebGL context: WebGL creation failed: 
* Can't use WebGL in headless mode (https://bugzil.la/1375585).
JavaScript warning: https://pagead2.googlesyndication.com/bg/TBttBoAOV_9P70wCNe1Yb7YwaEpF9SEuHDe9V7wzOiY.js line 1 > eval line 3840 > eval, line 1: WebGL warning: <Create>: getContext: Disallowing antialiased backbuffers due to blacklisting. (FEATURE_FAILURE_GLXTEST_FAILED)
JavaScript warning: https://pagead2.googlesyndication.com/bg/TBttBoAOV_9P70wCNe1Yb7YwaEpF9SEuHDe9V7wzOiY.js line 1 > eval line 3840 > eval, line 1: WebGL warning: <Create>: Can't use WebGL in headless mode (https://bugzil.la/1375585).
JavaScript warning: https://pagead2.googlesyndication.com/bg/TBttBoAOV_9P70wCNe1Yb7YwaEpF9SEuHDe9V7wzOiY.js line 1 > eval line 3840 > eval, line 1: Failed to create WebGL context: WebGL creation failed: 
* Can't use WebGL in headless mode (https://bugzil.la/1375585).
JavaScript warning: https://pagead2.googlesyndication.com/bg/TBttBoAOV_9P70wCNe1Yb7YwaEpF9SEuHDe9V7wzOiY.js line 1 > eval line 5960 > eval line 1 > eval, line 1: WebGL warning: <Create>: getContext: Disallowing antialiased backbuffers due to blacklisting. (FEATURE_FAILURE_GLXTEST_FAILED)
JavaScript warning: https://pagead2.googlesyndication.com/bg/TBttBoAOV_9P70wCNe1Yb7YwaEpF9SEuHDe9V7wzOiY.js line 1 > eval line 5960 > eval line 1 > eval, line 1: WebGL warning: <Create>: Can't use WebGL in headless mode (https://bugzil.la/1375585).
JavaScript warning: https://pagead2.googlesyndication.com/bg/TBttBoAOV_9P70wCNe1Yb7YwaEpF9SEuHDe9V7wzOiY.js line 1 > eval line 5960 > eval line 1 > eval, line 1: Failed to create WebGL context: WebGL creation failed: 
* Can't use WebGL in headless mode (https://bugzil.la/1375585).
1606945170216	Marionette	INFO	Stopped listening on port 43895
1606945304513	geckodriver	INFO	Listening on 127.0.0.1:34931
1606945304519	mozrunner::runner	INFO	Running command: "/usr/bin/firefox" "--marionette" "-headless" "-foreground" "-no-remote" "-profile" "/tmp/rust_mozprofilef1oJ6F"
*** You are running in headless mode.
console.error: SearchCache: "_readCacheFile: Error reading cache file:" (new Error("", "(unknown module)"))
1606945307200	Marionette	INFO	Listening on port 39309
1606945307231	Marionette	WARN	TLS certificate errors will be ignored for this session
JavaScript warning: https://pagead2.googlesyndication.com/bg/TBttBoAOV_9P70wCNe1Yb7YwaEpF9SEuHDe9V7wzOiY.js line 1 > eval line 3453 > eval line 1 > eval, line 1: WebGL warning: <Create>: getContext: Disallowing antialiased backbuffers due to blacklisting. (FEATURE_FAILURE_GLXTEST_FAILED)
JavaScript warning: https://pagead2.googlesyndication.com/bg/TBttBoAOV_9P70wCNe1Yb7YwaEpF9SEuHDe9V7wzOiY.js line 1 > eval line 3453 > eval line 1 > eval, line 1: WebGL warning: <Create>: Can't use WebGL in headless mode (https://bugzil.la/1375585).
JavaScript warning: https://pagead2.googlesyndication.com/bg/TBttBoAOV_9P70wCNe1Yb7YwaEpF9SEuHDe9V7wzOiY.js line 1 > eval line 3453 > eval line 1 > eval, line 1: Failed to create WebGL context: WebGL creation failed: 
* Can't use WebGL in headless mode (https://bugzil.la/1375585).
JavaScript warning: https://pagead2.googlesyndication.com/bg/TBttBoAOV_9P70wCNe1Yb7YwaEpF9SEuHDe9V7wzOiY.js line 1 > eval line 7182 > eval, line 1: WebGL warning: <Create>: getContext: Disallowing antialiased backbuffers due to blacklisting. (FEATURE_FAILURE_GLXTEST_FAILED)
JavaScript warning: https://pagead2.googlesyndication.com/bg/TBttBoAOV_9P70wCNe1Yb7YwaEpF9SEuHDe9V7wzOiY.js line 1 > eval line 7182 > eval, line 1: WebGL warning: <Create>: Can't use WebGL in headless mode (https://bugzil.la/1375585).
JavaScript warning: https://pagead2.googlesyndication.com/bg/TBttBoAOV_9P70wCNe1Yb7YwaEpF9SEuHDe9V7wzOiY.js line 1 > eval line 7182 > eval, line 1: Failed to create WebGL context: WebGL creation failed: 
* Can't use WebGL in headless mode (https://bugzil.la/1375585).
JavaScript warning: https://pagead2.googlesyndication.com/bg/TBttBoAOV_9P70wCNe1Yb7YwaEpF9SEuHDe9V7wzOiY.js line 1 > eval line 7725 > eval, line 1: WebGL warning: <Create>: getContext: Disallowing antialiased backbuffers due to blacklisting. (FEATURE_FAILURE_GLXTEST_FAILED)
JavaScript warning: https://pagead2.googlesyndication.com/bg/TBttBoAOV_9P70wCNe1Yb7YwaEpF9SEuHDe9V7wzOiY.js line 1 > eval line 7725 > eval, line 1: WebGL warning: <Create>: Can't use WebGL in headless mode (https://bugzil.la/1375585).
JavaScript warning: https://pagead2.googlesyndication.com/bg/TBttBoAOV_9P70wCNe1Yb7YwaEpF9SEuHDe9V7wzOiY.js line 1 > eval line 7725 > eval, line 1: Failed to create WebGL context: WebGL creation failed: 
* Can't use WebGL in headless mode (https://bugzil.la/1375585).
1606945345196	Marionette	INFO	Stopped listening on port 39309
JavaScript error: /_/mss/boq-identity/_/js/k=boq-identity.ConsentUi.en.pPYhMG04R4k.es5.O/am=Ew/d=1/excm=_b,_tp,displayintroui/ed=1/dg=0/wt=2/ct=zgms/rs=AOaEmlEVbyZcbz9WCH3CR23B7b8zBYmQdw/m=_b,_tp, line 477: NS_ERROR_NOT_INITIALIZED: 
1606945797776	geckodriver	INFO	Listening on 127.0.0.1:55813
1606945797784	mozrunner::runner	INFO	Running command: "/usr/bin/firefox" "--marionette" "-headless" "-foreground" "-no-remote" "-profile" "/tmp/rust_mozprofilexsZN8P"
*** You are running in headless mode.
console.error: SearchCache: "_readCacheFile: Error reading cache file:" (new Error("", "(unknown module)"))
1606945801059	Marionette	INFO	Listening on port 42743
1606945801109	Marionette	WARN	TLS certificate errors will be ignored for this session
JavaScript warning: https://pagead2.googlesyndication.com/bg/TBttBoAOV_9P70wCNe1Yb7YwaEpF9SEuHDe9V7wzOiY.js line 1 > eval line 235 > eval line 1 > eval, line 1: WebGL warning: <Create>: getContext: Disallowing antialiased backbuffers due to blacklisting. (FEATURE_FAILURE_GLXTEST_FAILED)
JavaScript warning: https://pagead2.googlesyndication.com/bg/TBttBoAOV_9P70wCNe1Yb7YwaEpF9SEuHDe9V7wzOiY.js line 1 > eval line 235 > eval line 1 > eval, line 1: WebGL warning: <Create>: Can't use WebGL in headless mode (https://bugzil.la/1375585).
JavaScript warning: https://pagead2.googlesyndication.com/bg/TBttBoAOV_9P70wCNe1Yb7YwaEpF9SEuHDe9V7wzOiY.js line 1 > eval line 235 > eval line 1 > eval, line 1: Failed to create WebGL context: WebGL creation failed: 
* Can't use WebGL in headless mode (https://bugzil.la/1375585).
JavaScript warning: https://pagead2.googlesyndication.com/bg/TBttBoAOV_9P70wCNe1Yb7YwaEpF9SEuHDe9V7wzOiY.js line 1 > eval line 1246 > eval line 1 > eval, line 1: WebGL warning: <Create>: getContext: Disallowing antialiased backbuffers due to blacklisting. (FEATURE_FAILURE_GLXTEST_FAILED)
JavaScript warning: https://pagead2.googlesyndication.com/bg/TBttBoAOV_9P70wCNe1Yb7YwaEpF9SEuHDe9V7wzOiY.js line 1 > eval line 1246 > eval line 1 > eval, line 1: WebGL warning: <Create>: Can't use WebGL in headless mode (https://bugzil.la/1375585).
JavaScript warning: https://pagead2.googlesyndication.com/bg/TBttBoAOV_9P70wCNe1Yb7YwaEpF9SEuHDe9V7wzOiY.js line 1 > eval line 1246 > eval line 1 > eval, line 1: Failed to create WebGL context: WebGL creation failed: 
* Can't use WebGL in headless mode (https://bugzil.la/1375585).
JavaScript warning: https://pagead2.googlesyndication.com/bg/7ACX1ll8pxmp-W5IFnwplmFbwq_vDvpxp5bFF4q7ftk.js line 1 > eval line 2181 > eval, line 1: WebGL warning: <Create>: getContext: Disallowing antialiased backbuffers due to blacklisting. (FEATURE_FAILURE_GLXTEST_FAILED)
JavaScript warning: https://pagead2.googlesyndication.com/bg/7ACX1ll8pxmp-W5IFnwplmFbwq_vDvpxp5bFF4q7ftk.js line 1 > eval line 2181 > eval, line 1: WebGL warning: <Create>: Can't use WebGL in headless mode (https://bugzil.la/1375585).
JavaScript warning: https://pagead2.googlesyndication.com/bg/7ACX1ll8pxmp-W5IFnwplmFbwq_vDvpxp5bFF4q7ftk.js line 1 > eval line 2181 > eval, line 1: Failed to create WebGL context: WebGL creation failed: 
* Can't use WebGL in headless mode (https://bugzil.la/1375585).
1606945837087	Marionette	INFO	Stopped listening on port 42743
JavaScript error: /_/mss/boq-identity/_/js/k=boq-identity.ConsentUi.en.pPYhMG04R4k.es5.O/am=Ew/d=1/excm=_b,_tp,displayintroui/ed=1/dg=0/wt=2/ct=zgms/rs=AOaEmlEVbyZcbz9WCH3CR23B7b8zBYmQdw/m=_b,_tp, line 477: NS_ERROR_NOT_INITIALIZED: 
JavaScript error: /_/mss/boq-identity/_/js/k=boq-identity.ConsentUi.en.pPYhMG04R4k.es5.O/am=Ew/d=1/excm=_b,_tp,displayintroui/ed=1/dg=0/wt=2/ct=zgms/rs=AOaEmlEVbyZcbz9WCH3CR23B7b8zBYmQdw/m=_b,_tp, line 477: NS_ERROR_NOT_INITIALIZED: 

###!!! [Child][MessageChannel] Error: (msgtype=0x3900B8,name=PContent::Msg_StartVisitedQueries) Channel closing: too late to send/recv, messages will be lost

1606946222139	geckodriver	INFO	Listening on 127.0.0.1:49995
1606946222148	mozrunner::runner	INFO	Running command: "/usr/bin/firefox" "--marionette" "-headless" "-foreground" "-no-remote" "-profile" "/tmp/rust_mozprofilelIkR4D"
*** You are running in headless mode.
console.error: SearchCache: "_readCacheFile: Error reading cache file:" (new Error("", "(unknown module)"))
1606946225224	Marionette	INFO	Listening on port 37829
1606946225294	Marionette	WARN	TLS certificate errors will be ignored for this session
1606946569927	geckodriver	INFO	Listening on 127.0.0.1:38635
1606946569935	mozrunner::runner	INFO	Running command: "/usr/bin/firefox" "--marionette" "-headless" "-foreground" "-no-remote" "-profile" "/tmp/rust_mozprofileyb4R4s"
*** You are running in headless mode.
console.error: SearchCache: "_readCacheFile: Error reading cache file:" (new Error("", "(unknown module)"))
1606946573774	Marionette	INFO	Listening on port 45031
1606946573865	Marionette	WARN	TLS certificate errors will be ignored for this session
JavaScript warning: https://pagead2.googlesyndication.com/bg/7ACX1ll8pxmp-W5IFnwplmFbwq_vDvpxp5bFF4q7ftk.js line 1 > eval line 7695 > eval, line 1: WebGL warning: <Create>: getContext: Disallowing antialiased backbuffers due to blacklisting. (FEATURE_FAILURE_GLXTEST_FAILED)
JavaScript warning: https://pagead2.googlesyndication.com/bg/7ACX1ll8pxmp-W5IFnwplmFbwq_vDvpxp5bFF4q7ftk.js line 1 > eval line 7695 > eval, line 1: WebGL warning: <Create>: Can't use WebGL in headless mode (https://bugzil.la/1375585).
JavaScript warning: https://pagead2.googlesyndication.com/bg/7ACX1ll8pxmp-W5IFnwplmFbwq_vDvpxp5bFF4q7ftk.js line 1 > eval line 7695 > eval, line 1: Failed to create WebGL context: WebGL creation failed: 
* Can't use WebGL in headless mode (https://bugzil.la/1375585).
JavaScript warning: https://pagead2.googlesyndication.com/bg/TBttBoAOV_9P70wCNe1Yb7YwaEpF9SEuHDe9V7wzOiY.js line 1 > eval line 1755 > eval, line 1: WebGL warning: <Create>: getContext: Disallowing antialiased backbuffers due to blacklisting. (FEATURE_FAILURE_GLXTEST_FAILED)
JavaScript warning: https://pagead2.googlesyndication.com/bg/TBttBoAOV_9P70wCNe1Yb7YwaEpF9SEuHDe9V7wzOiY.js line 1 > eval line 1755 > eval, line 1: WebGL warning: <Create>: Can't use WebGL in headless mode (https://bugzil.la/1375585).
JavaScript warning: https://pagead2.googlesyndication.com/bg/TBttBoAOV_9P70wCNe1Yb7YwaEpF9SEuHDe9V7wzOiY.js line 1 > eval line 1755 > eval, line 1: Failed to create WebGL context: WebGL creation failed: 
* Can't use WebGL in headless mode (https://bugzil.la/1375585).
JavaScript warning: https://pagead2.googlesyndication.com/bg/7ACX1ll8pxmp-W5IFnwplmFbwq_vDvpxp5bFF4q7ftk.js line 1 > eval line 3292 > eval line 1 > eval, line 1: WebGL warning: <Create>: getContext: Disallowing antialiased backbuffers due to blacklisting. (FEATURE_FAILURE_GLXTEST_FAILED)
JavaScript warning: https://pagead2.googlesyndication.com/bg/7ACX1ll8pxmp-W5IFnwplmFbwq_vDvpxp5bFF4q7ftk.js line 1 > eval line 3292 > eval line 1 > eval, line 1: WebGL warning: <Create>: Can't use WebGL in headless mode (https://bugzil.la/1375585).
JavaScript warning: https://pagead2.googlesyndication.com/bg/7ACX1ll8pxmp-W5IFnwplmFbwq_vDvpxp5bFF4q7ftk.js line 1 > eval line 3292 > eval line 1 > eval, line 1: Failed to create WebGL context: WebGL creation failed: 
* Can't use WebGL in headless mode (https://bugzil.la/1375585).
1606946618576	Marionette	INFO	Stopped listening on port 45031
1606978568348	addons.xpi	ERROR	System addon update list error Error: Failed downloading XML, status: 0, reason: timeout
1607166664231	geckodriver	INFO	Listening on 127.0.0.1:42719
1607166665674	mozrunner::runner	INFO	Running command: "/usr/bin/firefox" "--marionette" "-headless" "-foreground" "-no-remote" "-profile" "/tmp/rust_mozprofileaLn7iI"
*** You are running in headless mode.
console.error: SearchCache: "_readCacheFile: Error reading cache file:" (new Error("", "(unknown module)"))
1607166673693	Marionette	INFO	Listening on port 45109
1607166673768	Marionette	WARN	TLS certificate errors will be ignored for this session
JavaScript warning: https://pagead2.googlesyndication.com/bg/PbZvCEkorD5rxjWOexle1_regFmuc5-vrUA2zacPm4s.js line 1 > eval line 7646 > eval line 1 > eval, line 1: WebGL warning: <Create>: getContext: Disallowing antialiased backbuffers due to blacklisting. (FEATURE_FAILURE_GLXTEST_FAILED)
JavaScript warning: https://pagead2.googlesyndication.com/bg/PbZvCEkorD5rxjWOexle1_regFmuc5-vrUA2zacPm4s.js line 1 > eval line 7646 > eval line 1 > eval, line 1: WebGL warning: <Create>: Can't use WebGL in headless mode (https://bugzil.la/1375585).
JavaScript warning: https://pagead2.googlesyndication.com/bg/PbZvCEkorD5rxjWOexle1_regFmuc5-vrUA2zacPm4s.js line 1 > eval line 7646 > eval line 1 > eval, line 1: Failed to create WebGL context: WebGL creation failed: 
* Can't use WebGL in headless mode (https://bugzil.la/1375585).
JavaScript warning: https://pagead2.googlesyndication.com/bg/PbZvCEkorD5rxjWOexle1_regFmuc5-vrUA2zacPm4s.js line 1 > eval line 4520 > eval line 1 > eval, line 1: WebGL warning: <Create>: getContext: Disallowing antialiased backbuffers due to blacklisting. (FEATURE_FAILURE_GLXTEST_FAILED)
JavaScript warning: https://pagead2.googlesyndication.com/bg/PbZvCEkorD5rxjWOexle1_regFmuc5-vrUA2zacPm4s.js line 1 > eval line 4520 > eval line 1 > eval, line 1: WebGL warning: <Create>: Can't use WebGL in headless mode (https://bugzil.la/1375585).
JavaScript warning: https://pagead2.googlesyndication.com/bg/PbZvCEkorD5rxjWOexle1_regFmuc5-vrUA2zacPm4s.js line 1 > eval line 4520 > eval line 1 > eval, line 1: Failed to create WebGL context: WebGL creation failed: 
* Can't use WebGL in headless mode (https://bugzil.la/1375585).
JavaScript warning: https://pagead2.googlesyndication.com/bg/PbZvCEkorD5rxjWOexle1_regFmuc5-vrUA2zacPm4s.js line 1 > eval line 4569 > eval line 1 > eval, line 1: WebGL warning: <Create>: getContext: Disallowing antialiased backbuffers due to blacklisting. (FEATURE_FAILURE_GLXTEST_FAILED)
JavaScript warning: https://pagead2.googlesyndication.com/bg/PbZvCEkorD5rxjWOexle1_regFmuc5-vrUA2zacPm4s.js line 1 > eval line 4569 > eval line 1 > eval, line 1: WebGL warning: <Create>: Can't use WebGL in headless mode (https://bugzil.la/1375585).
JavaScript warning: https://pagead2.googlesyndication.com/bg/PbZvCEkorD5rxjWOexle1_regFmuc5-vrUA2zacPm4s.js line 1 > eval line 4569 > eval line 1 > eval, line 1: Failed to create WebGL context: WebGL creation failed: 
* Can't use WebGL in headless mode (https://bugzil.la/1375585).
1607166725208	Marionette	INFO	Stopped listening on port 45109
